<?xml version="1.0" encoding="UTF-8"?>
<testng-results ignored="0" total="5" passed="4" failed="1" skipped="0">
  <reporter-output>
  </reporter-output>
  <suite started-at="2025-03-03T06:15:59 IST" name="Suite" finished-at="2025-03-03T06:16:40 IST" duration-ms="40979">
    <groups>
      <group name="ErrorHandling">
        <method signature="ErrorValidationsTest.submitOrder()[pri:0, instance:swatikagalkaracademy.Tests.ErrorValidationsTest@f58853c]" name="submitOrder" class="swatikagalkaracademy.Tests.ErrorValidationsTest"/>
      </group> <!-- ErrorHandling -->
      <group name="Purchase">
        <method signature="SubmitOrderTest.submitOrder(java.util.HashMap)[pri:0, instance:swatikagalkaracademy.Tests.SubmitOrderTest@2ab4bc72]" name="submitOrder" class="swatikagalkaracademy.Tests.SubmitOrderTest"/>
      </group> <!-- Purchase -->
    </groups>
    <test started-at="2025-03-03T06:15:59 IST" name="Error Validations Test" finished-at="2025-03-03T06:16:22 IST" duration-ms="23084">
      <class name="swatikagalkaracademy.Tests.ErrorValidationsTest">
        <test-method is-config="true" signature="launchApplication()[pri:0, instance:swatikagalkaracademy.Tests.ErrorValidationsTest@f58853c]" started-at="2025-03-03T06:15:59 IST" name="launchApplication" finished-at="2025-03-03T06:16:03 IST" duration-ms="4338" status="PASS">
          <reporter-output>
          </reporter-output>
        </test-method> <!-- launchApplication -->
        <test-method signature="productValidations()[pri:0, instance:swatikagalkaracademy.Tests.ErrorValidationsTest@f58853c]" started-at="2025-03-03T06:16:03 IST" name="productValidations" finished-at="2025-03-03T06:16:17 IST" duration-ms="13796" status="PASS">
          <reporter-output>
          </reporter-output>
        </test-method> <!-- productValidations -->
        <test-method is-config="true" signature="tearDown()[pri:0, instance:swatikagalkaracademy.Tests.ErrorValidationsTest@f58853c]" started-at="2025-03-03T06:16:17 IST" name="tearDown" finished-at="2025-03-03T06:16:17 IST" duration-ms="145" status="PASS">
          <reporter-output>
          </reporter-output>
        </test-method> <!-- tearDown -->
        <test-method is-config="true" signature="launchApplication()[pri:0, instance:swatikagalkaracademy.Tests.ErrorValidationsTest@f58853c]" started-at="2025-03-03T06:16:17 IST" name="launchApplication" finished-at="2025-03-03T06:16:21 IST" duration-ms="3448" status="PASS">
          <reporter-output>
          </reporter-output>
        </test-method> <!-- launchApplication -->
        <test-method signature="submitOrder()[pri:0, instance:swatikagalkaracademy.Tests.ErrorValidationsTest@f58853c]" started-at="2025-03-03T06:16:21 IST" name="submitOrder" finished-at="2025-03-03T06:16:21 IST" duration-ms="626" status="FAIL">
          <exception class="java.lang.AssertionError">
            <message>
              <![CDATA[expected:<Incorrect email or password> but was:<Incorrect email or password.>]]>
            </message>
            <full-stacktrace>
              <![CDATA[java.lang.AssertionError: expected:<Incorrect email or password> but was:<Incorrect email or password.>
at org.testng.AssertJUnit.assertEquals(AssertJUnit.java:115)
at org.testng.AssertJUnit.assertEquals(AssertJUnit.java:125)
at swatikagalkaracademy.Tests.ErrorValidationsTest.submitOrder(ErrorValidationsTest.java:27)
at java.base/jdk.internal.reflect.DirectMethodHandleAccessor.invoke(DirectMethodHandleAccessor.java:103)
at java.base/java.lang.reflect.Method.invoke(Method.java:580)
at org.testng.internal.invokers.MethodInvocationHelper.invokeMethod(MethodInvocationHelper.java:141)
at org.testng.internal.invokers.TestInvoker.invokeMethod(TestInvoker.java:687)
at org.testng.internal.invokers.TestInvoker.invokeTestMethod(TestInvoker.java:230)
at org.testng.internal.invokers.MethodRunner.runInSequence(MethodRunner.java:63)
at org.testng.internal.invokers.TestInvoker$MethodInvocationAgent.invoke(TestInvoker.java:995)
at org.testng.internal.invokers.TestInvoker.invokeTestMethods(TestInvoker.java:203)
at org.testng.internal.invokers.TestMethodWorker.invokeTestMethods(TestMethodWorker.java:154)
at org.testng.internal.invokers.TestMethodWorker.run(TestMethodWorker.java:134)
at java.base/java.util.ArrayList.forEach(ArrayList.java:1596)
at org.testng.TestRunner.privateRun(TestRunner.java:741)
at org.testng.TestRunner.run(TestRunner.java:616)
at org.testng.SuiteRunner.runTest(SuiteRunner.java:421)
at org.testng.SuiteRunner$SuiteWorker.run(SuiteRunner.java:463)
at org.testng.internal.thread.ThreadUtil.lambda$execute$0(ThreadUtil.java:64)
at java.base/java.util.concurrent.FutureTask.run(FutureTask.java:317)
at java.base/java.util.concurrent.ThreadPoolExecutor.runWorker(ThreadPoolExecutor.java:1144)
at java.base/java.util.concurrent.ThreadPoolExecutor$Worker.run(ThreadPoolExecutor.java:642)
at java.base/java.lang.Thread.run(Thread.java:1583)
]]>
            </full-stacktrace>
          </exception> <!-- java.lang.AssertionError -->
          <reporter-output>
          </reporter-output>
        </test-method> <!-- submitOrder -->
        <test-method is-config="true" signature="tearDown()[pri:0, instance:swatikagalkaracademy.Tests.ErrorValidationsTest@f58853c]" started-at="2025-03-03T06:16:22 IST" name="tearDown" finished-at="2025-03-03T06:16:22 IST" duration-ms="130" status="PASS">
          <reporter-output>
          </reporter-output>
        </test-method> <!-- tearDown -->
      </class> <!-- swatikagalkaracademy.Tests.ErrorValidationsTest -->
    </test> <!-- Error Validations Test -->
    <test started-at="2025-03-03T06:15:59 IST" name="Submit Order Test" finished-at="2025-03-03T06:16:40 IST" duration-ms="40979">
      <class name="swatikagalkaracademy.Tests.SubmitOrderTest">
        <test-method is-config="true" signature="launchApplication()[pri:0, instance:swatikagalkaracademy.Tests.SubmitOrderTest@2ab4bc72]" started-at="2025-03-03T06:15:59 IST" name="launchApplication" finished-at="2025-03-03T06:16:03 IST" duration-ms="3940" status="PASS">
          <reporter-output>
          </reporter-output>
        </test-method> <!-- launchApplication -->
        <test-method signature="submitOrder(java.util.HashMap)[pri:0, instance:swatikagalkaracademy.Tests.SubmitOrderTest@2ab4bc72]" started-at="2025-03-03T06:16:03 IST" name="submitOrder" data-provider="getData" finished-at="2025-03-03T06:16:19 IST" duration-ms="15242" status="PASS">
          <params>
            <param index="0">
              <value>
                <![CDATA[{password=Iamking@000, product=QWERTY, email=anshika@gmail.com}]]>
              </value>
            </param>
          </params>
          <reporter-output>
          </reporter-output>
        </test-method> <!-- submitOrder -->
        <test-method is-config="true" signature="tearDown()[pri:0, instance:swatikagalkaracademy.Tests.SubmitOrderTest@2ab4bc72]" started-at="2025-03-03T06:16:19 IST" name="tearDown" finished-at="2025-03-03T06:16:19 IST" duration-ms="128" status="PASS">
          <reporter-output>
          </reporter-output>
        </test-method> <!-- tearDown -->
        <test-method is-config="true" signature="launchApplication()[pri:0, instance:swatikagalkaracademy.Tests.SubmitOrderTest@2ab4bc72]" started-at="2025-03-03T06:16:19 IST" name="launchApplication" finished-at="2025-03-03T06:16:21 IST" duration-ms="2498" status="PASS">
          <reporter-output>
          </reporter-output>
        </test-method> <!-- launchApplication -->
        <test-method signature="submitOrder(java.util.HashMap)[pri:0, instance:swatikagalkaracademy.Tests.SubmitOrderTest@2ab4bc72]" started-at="2025-03-03T06:16:21 IST" name="submitOrder" data-provider="getData" finished-at="2025-03-03T06:16:36 IST" duration-ms="15103" status="PASS">
          <params>
            <param index="0">
              <value>
                <![CDATA[{password=Iamking@000, product=QWERTY, email=anshika@gmail.com}]]>
              </value>
            </param>
          </params>
          <reporter-output>
          </reporter-output>
        </test-method> <!-- submitOrder -->
        <test-method is-config="true" signature="tearDown()[pri:0, instance:swatikagalkaracademy.Tests.SubmitOrderTest@2ab4bc72]" started-at="2025-03-03T06:16:36 IST" name="tearDown" finished-at="2025-03-03T06:16:37 IST" duration-ms="169" status="PASS">
          <reporter-output>
          </reporter-output>
        </test-method> <!-- tearDown -->
        <test-method is-config="true" signature="launchApplication()[pri:0, instance:swatikagalkaracademy.Tests.SubmitOrderTest@2ab4bc72]" started-at="2025-03-03T06:16:37 IST" name="launchApplication" finished-at="2025-03-03T06:16:39 IST" duration-ms="2527" status="PASS">
          <reporter-output>
          </reporter-output>
        </test-method> <!-- launchApplication -->
        <test-method signature="orderHistoryTest()[pri:0, instance:swatikagalkaracademy.Tests.SubmitOrderTest@2ab4bc72]" started-at="2025-03-03T06:16:39 IST" name="orderHistoryTest" finished-at="2025-03-03T06:16:40 IST" depends-on-methods="swatikagalkaracademy.Tests.SubmitOrderTest.submitOrder" duration-ms="872" status="PASS">
          <reporter-output>
          </reporter-output>
        </test-method> <!-- orderHistoryTest -->
        <test-method is-config="true" signature="tearDown()[pri:0, instance:swatikagalkaracademy.Tests.SubmitOrderTest@2ab4bc72]" started-at="2025-03-03T06:16:40 IST" name="tearDown" finished-at="2025-03-03T06:16:40 IST" duration-ms="127" status="PASS">
          <reporter-output>
          </reporter-output>
        </test-method> <!-- tearDown -->
      </class> <!-- swatikagalkaracademy.Tests.SubmitOrderTest -->
    </test> <!-- Submit Order Test -->
  </suite> <!-- Suite -->
</testng-results>
